<?xml version="1.0" encoding="UTF-8"?>
<!-- Generated by org.testng.reporters.JUnitXMLReporter -->
<testsuite hostname="Supermans-Air" ignored="7" tests="0" failures="0" timestamp="18 Apr 2020 17:26:15 GMT" time="0.016" errors="0">
  <testcase name="allowDialogue" time="0.0" classname="tests.HomePageTest">
    <ignored/>
  </testcase> <!-- allowDialogue -->
  <testcase name="VerifyTagLine" time="0.0" classname="tests.HomePageTest">
    <ignored/>
  </testcase> <!-- VerifyTagLine -->
  <testcase name="clickLogin" time="0.0" classname="tests.HomePageTest">
    <ignored/>
  </testcase> <!-- clickLogin -->
  <testcase name="VerifyTagLineText" time="0.0" classname="tests.HomePageTest">
    <ignored/>
  </testcase> <!-- VerifyTagLineText -->
  <testcase name="verifyLogo" time="0.0" classname="tests.HomePageTest">
    <ignored/>
  </testcase> <!-- verifyLogo -->
  <testcase name="CheckNormalSignUp" time="0.0" classname="tests.SignUpTest">
    <ignored/>
  </testcase> <!-- CheckNormalSignUp -->
  <testcase name="verifyShapeImage" time="0.0" classname="tests.HomePageTest">
    <ignored/>
  </testcase> <!-- verifyShapeImage -->
</testsuite>
